<?xml version="1.0" encoding="UTF-8"?>
<!-- Generated by org.testng.reporters.JUnitReportReporter -->
<testsuite hostname="WINDOWS-QNEDBQ8" failures="0" tests="9" name="Testpkg.Limetest" time="60.828" errors="0" timestamp="2024-06-13T15:41:33 IST" skipped="0">
  <testcase classname="Testpkg.Limetest" name="verifytest" time="38.263"/>
  <testcase classname="Testpkg.Limetest" name="logo" time="0.125"/>
  <testcase classname="Testpkg.Limetest" name="titleverify" time="6.218"/>
  <testcase classname="Testpkg.Limetest" name="menus" time="0.421"/>
  <testcase classname="Testpkg.Limetest" name="bagsearch" time="2.378"/>
  <testcase classname="Testpkg.Limetest" name="kids" time="7.907"/>
  <testcase classname="Testpkg.Limetest" name="women" time="2.574"/>
  <testcase classname="Testpkg.Limetest" name="men" time="1.751"/>
  <testcase classname="Testpkg.Limetest" name="scrnsht" time="1.191"/>
</testsuite> <!-- Testpkg.Limetest -->
